\BOOKMARK [0][-]{jlucoverspine.0}{\376\377\134\001\166\256\123\312\116\146\201\012}{}
\BOOKMARK [0][-]{originalstatement.0}{\376\377\124\011\147\227\131\047\133\146\170\125\130\353\133\146\117\115\213\272\145\207\123\237\122\033\140\047\130\360\146\016}{}
\BOOKMARK [0][-]{contributionstatement.0}{\376\377\060\012\116\055\126\375\117\030\171\300\123\132\170\125\130\353\133\146\117\115\213\272\145\207\121\150\145\207\145\160\143\156\136\223\060\013\142\225\172\077\130\360\146\016}{}
\BOOKMARK [0][-]{titlestatement.0}{\376\377\230\230\124\015\230\165}{}
\BOOKMARK [0][-]{thesissummary.0}{\376\377\121\205\133\271\143\320\211\201}{}
\BOOKMARK [0][-]{contents.0}{\376\377\166\356\000\040\000\040\000\040\000\040\137\125}{}
\BOOKMARK [0][-]{chapter.1}{\376\377\000\040\173\054\000\061\172\340\000\040\116\055\145\207\155\113\213\325}{}
\BOOKMARK [1][-]{section.1.1}{\376\377\000\061\000\056\000\061\000\040\202\202\155\113\213\325}{chapter.1}
\BOOKMARK [2][-]{subsection.1.1.1}{\376\377\000\061\000\056\000\061\000\056\000\061\000\040\134\017\202\202\155\113\213\325}{section.1.1}
\BOOKMARK [1][-]{section.1.2}{\376\377\000\061\000\056\000\062\000\040\202\202\155\113\213\325}{chapter.1}
\BOOKMARK [2][-]{subsection.1.2.1}{\376\377\000\061\000\056\000\062\000\056\000\061\000\040\134\017\202\202\155\113\213\325}{section.1.2}
\BOOKMARK [1][-]{section.1.3}{\376\377\000\061\000\056\000\063\000\040\202\202\155\113\213\325}{chapter.1}
\BOOKMARK [1][-]{section.1.4}{\376\377\000\061\000\056\000\064\000\040\202\202\155\113\213\325}{chapter.1}
\BOOKMARK [1][-]{section.1.5}{\376\377\000\061\000\056\000\065\000\040\202\202\155\113\213\325}{chapter.1}
\BOOKMARK [0][-]{chapter.2}{\376\377\000\040\173\054\000\062\172\340\000\040\147\054\213\376\230\230\166\204\166\356\166\204\123\312\141\017\116\111}{}
\BOOKMARK [0][-]{chapter.3}{\376\377\000\040\173\054\000\063\172\340\000\040\137\256\000\057\176\263\155\101\143\247\202\257\162\107\116\055\131\032\134\072\136\246\225\356\230\230\166\204\126\375\121\205\131\026\170\024\172\166\163\260\162\266}{}
\BOOKMARK [1][-]{section.3.1}{\376\377\000\063\000\056\000\061\000\040\137\256\000\057\176\263\155\101\143\247\202\257\162\107\116\055\131\032\134\072\136\246\225\356\230\230\166\204\126\375\131\026\170\024\172\166\163\260\162\266}{chapter.3}
\BOOKMARK [1][-]{section.3.2}{\376\377\000\063\000\056\000\062\000\040\137\256\000\057\176\263\155\101\143\247\202\257\162\107\116\055\131\032\134\072\136\246\225\356\230\230\166\204\126\375\121\205\170\024\172\166\163\260\162\266}{chapter.3}
\BOOKMARK [0][-]{chapter.4}{\376\377\000\040\173\054\000\064\172\340\000\040\170\024\172\166\121\205\133\271\124\214\122\033\145\260\123\312\142\200\147\057\215\357\176\277}{}
\BOOKMARK [1][-]{section.4.1}{\376\377\000\064\000\056\000\061\000\040\170\024\172\166\121\205\133\271}{chapter.4}
\BOOKMARK [1][-]{section.4.2}{\376\377\000\064\000\056\000\062\000\040\122\033\145\260\160\271}{chapter.4}
\BOOKMARK [1][-]{section.4.3}{\376\377\000\064\000\056\000\063\000\040\142\200\147\057\215\357\176\277}{chapter.4}
\BOOKMARK [0][-]{chapter.5}{\376\377\000\040\173\054\000\065\172\340\000\040\213\241\122\022\217\333\136\246}{}
\BOOKMARK [0][-]{chapter*.2}{\376\377\123\302\200\003\145\207\163\056}{}
