This is e-TeX, Version 3.141592-2.2 (MiKTeX 2.4) (preloaded format=latex 2007.9.17)  4 SEP 2008 15:57
entering extended mode
**jlu.tex
(jlu.tex
LaTeX2e <2005/12/01>
Babel <v3.8g> and hyphenation patterns for english, dumylang, nohyphenation, ge
rman, ngerman, french, loaded.
(d:\CTeX\texmf\tex\latex\base\book.cls
Document Class: book 2005/09/16 v1.4f Standard LaTeX document class
(d:\CTeX\texmf\tex\latex\base\bk12.clo
File: bk12.clo 2005/09/16 v1.4f Standard LaTeX file (size option)
)
\c@part=\count79
\c@chapter=\count80
\c@section=\count81
\c@subsection=\count82
\c@subsubsection=\count83
\c@paragraph=\count84
\c@subparagraph=\count85
\c@figure=\count86
\c@table=\count87
\abovecaptionskip=\skip41
\belowcaptionskip=\skip42
\bibindent=\dimen102
) (jlumastersthesis.sty
Package: jlumastersthesis 2008/08/01 v0.1 style definitions for Master's thesis
 writing conforming to Jilin University's clauses

(d:\CTeX\texmf\tex\latex\geometry\geometry.sty
Package: geometry 2002/07/08 v3.2 Page Geometry

(d:\CTeX\texmf\tex\latex\graphics\keyval.sty
Package: keyval 1999/03/16 v1.13 key=value parser (DPC)
\KV@toks@=\toks14
)
\Gm@cnth=\count88
\Gm@cntv=\count89
\c@Gm@tempcnt=\count90
\Gm@bindingoffset=\dimen103
\Gm@wd@mp=\dimen104
\Gm@odd@mp=\dimen105
\Gm@even@mp=\dimen106
\Gm@dimlist=\toks15

(d:\CTeX\texmf\tex\latex\geometry\geometry.cfg))
(d:\CTeX\texmf\tex\generic\oberdiek\ifpdf.sty
Package: ifpdf 2006/02/20 v1.4 Provides the ifpdf switch (HO)
Package ifpdf Info: pdfTeX in pdf mode not detected.
)
(d:\CTeX\texmf\tex\latex\graphics\graphicx.sty
Package: graphicx 1999/02/16 v1.0f Enhanced LaTeX Graphics (DPC,SPQR)

(d:\CTeX\texmf\tex\latex\graphics\graphics.sty
Package: graphics 2006/02/20 v1.0o Standard LaTeX Graphics (DPC,SPQR)

(d:\CTeX\texmf\tex\latex\graphics\trig.sty
Package: trig 1999/03/16 v1.09 sin cos tan (DPC)
)
(d:\CTeX\texmf\tex\latex\00miktex\graphics.cfg
File: graphics.cfg 2005/12/29 v1.2 MiKTeX 'graphics' configuration
)
Package graphics Info: Driver file: dvips.def on input line 90.

(d:\CTeX\texmf\tex\latex\graphics\dvips.def
File: dvips.def 1999/02/16 v3.0i Driver-dependant file (DPC,SPQR)
))
\Gin@req@height=\dimen107
\Gin@req@width=\dimen108
)
(d:\CTeX\texmf\tex\latex\graphics\color.sty
Package: color 2005/11/14 v1.0j Standard LaTeX Color (DPC)

(d:\CTeX\texmf\tex\latex\00miktex\color.cfg
File: color.cfg 2005/12/29 v1.1 MiKTeX 'color' configuration
)
Package color Info: Driver file: dvips.def on input line 130.

(d:\CTeX\texmf\tex\latex\graphics\dvipsnam.def
File: dvipsnam.def 1999/02/16 v3.0i Driver-dependant file (DPC,SPQR)
))
(d:\CTeX\texmf\tex\latex\tools\calc.sty
Package: calc 2005/08/06 v4.2 Infix arithmetic (KKT,FJ)
\calc@Acount=\count91
\calc@Bcount=\count92
\calc@Adimen=\dimen109
\calc@Bdimen=\dimen110
\calc@Askip=\skip43
\calc@Bskip=\skip44
LaTeX Info: Redefining \setlength on input line 75.
LaTeX Info: Redefining \addtolength on input line 76.
\calc@Ccount=\count93
\calc@Cskip=\skip45
)
(d:\CTeX\texmf\tex\latex\tools\indentfirst.sty
Package: indentfirst 1995/11/23 v1.03 Indent first paragraph (DPC)
)
(d:\CTeX\texmf\tex\latex\fancyhdr\fancyhdr.sty
\fancy@headwidth=\skip46
\f@ncyO@elh=\skip47
\f@ncyO@erh=\skip48
\f@ncyO@olh=\skip49
\f@ncyO@orh=\skip50
\f@ncyO@elf=\skip51
\f@ncyO@erf=\skip52
\f@ncyO@olf=\skip53
\f@ncyO@orf=\skip54
)
(d:\CTeX\texmf\tex\latex\fancybox\fancybox.sty
Package: fancybox 2000/09/19 1.3

Style option: `fancybox' v1.3 <2000/09/19> (tvz)
\@fancybox=\box26
\shadowsize=\dimen111
\@Sbox=\box27
\do@VerbBox=\toks16
\the@fancyput=\toks17
\this@fancyput=\toks18
\EndVerbatimTokens=\toks19
\Verbatim@Outfile=\write3
\Verbatim@Infile=\read1
) (d:\CTeX\texmf\tex\latex\titlesec\titlesec.sty
Package: titlesec 2005/01/22 v2.6 Sectioning titles
\ttl@box=\box28
\beforetitleunit=\skip55
\aftertitleunit=\skip56
\ttl@plus=\dimen112
\ttl@minus=\dimen113
\titlewidth=\dimen114
\titlewidthlast=\dimen115
\titlewidthfirst=\dimen116

(d:\CTeX\texmf\tex\latex\titlesec\titlesec.new))
(d:\CTeX\texmf\tex\latex\titlesec\titletoc.sty
Package: titletoc 2005/01/22 v1.5 TOC entries

(d:\CTeX\texmf\tex\latex\titlesec\titletoc.new
*** titletoc 1.5, loading patch level 1 ***))
(d:\CTeX\texmf\tex\latex\amsmath\amsmath.sty
Package: amsmath 2000/07/18 v2.13 AMS math features
\@mathmargin=\skip57

For additional information on amsmath, use the `?' option.
(d:\CTeX\texmf\tex\latex\amsmath\amstext.sty
Package: amstext 2000/06/29 v2.01

(d:\CTeX\texmf\tex\latex\amsmath\amsgen.sty
File: amsgen.sty 1999/11/30 v2.0
\@emptytoks=\toks20
\ex@=\dimen117
))
(d:\CTeX\texmf\tex\latex\amsmath\amsbsy.sty
Package: amsbsy 1999/11/29 v1.2d
\pmbraise@=\dimen118
)
(d:\CTeX\texmf\tex\latex\amsmath\amsopn.sty
Package: amsopn 1999/12/14 v2.01 operator names
)
\inf@bad=\count94
LaTeX Info: Redefining \frac on input line 211.
\uproot@=\count95
\leftroot@=\count96
LaTeX Info: Redefining \overline on input line 307.
\classnum@=\count97
\DOTSCASE@=\count98
LaTeX Info: Redefining \ldots on input line 379.
LaTeX Info: Redefining \dots on input line 382.
LaTeX Info: Redefining \cdots on input line 467.
\Mathstrutbox@=\box29
\strutbox@=\box30
\big@size=\dimen119
LaTeX Font Info:    Redeclaring font encoding OML on input line 567.
LaTeX Font Info:    Redeclaring font encoding OMS on input line 568.
\macc@depth=\count99
\c@MaxMatrixCols=\count100
\dotsspace@=\muskip10
\c@parentequation=\count101
\dspbrk@lvl=\count102
\tag@help=\toks21
\row@=\count103
\column@=\count104
\maxfields@=\count105
\andhelp@=\toks22
\eqnshift@=\dimen120
\alignsep@=\dimen121
\tagshift@=\dimen122
\tagwidth@=\dimen123
\totwidth@=\dimen124
\lineht@=\dimen125
\@envbody=\toks23
\multlinegap=\skip58
\multlinetaggap=\skip59
\mathdisplay@stack=\toks24
LaTeX Info: Redefining \[ on input line 2666.
LaTeX Info: Redefining \] on input line 2667.
)
(d:\CTeX\texmf\tex\latex\amsfonts\amsfonts.sty
Package: amsfonts 2001/10/25 v2.2f
\symAMSa=\mathgroup4
\symAMSb=\mathgroup5
LaTeX Font Info:    Overwriting math alphabet `\mathfrak' in version `bold'
(Font)                  U/euf/m/n --> U/euf/b/n on input line 132.
)
(d:\CTeX\texmf\tex\latex\amsfonts\amssymb.sty
Package: amssymb 2002/01/22 v2.2d
)
(d:\CTeX\texmf\tex\latex\txfonts\txfonts.sty
Package: txfonts 2005/01/03 v3.2
LaTeX Font Info:    Redeclaring symbol font `operators' on input line 20.
LaTeX Font Info:    Overwriting symbol font `operators' in version `normal'
(Font)                  OT1/cmr/m/n --> OT1/txr/m/n on input line 20.
LaTeX Font Info:    Overwriting symbol font `operators' in version `bold'
(Font)                  OT1/cmr/bx/n --> OT1/txr/m/n on input line 20.
LaTeX Font Info:    Overwriting symbol font `operators' in version `bold'
(Font)                  OT1/txr/m/n --> OT1/txr/bx/n on input line 21.
\symitalic=\mathgroup6
LaTeX Font Info:    Overwriting symbol font `italic' in version `bold'
(Font)                  OT1/txr/m/it --> OT1/txr/bx/it on input line 25.
LaTeX Font Info:    Redeclaring math alphabet \mathbf on input line 28.
LaTeX Font Info:    Overwriting math alphabet `\mathbf' in version `normal'
(Font)                  OT1/cmr/bx/n --> OT1/txr/bx/n on input line 28.
LaTeX Font Info:    Overwriting math alphabet `\mathbf' in version `bold'
(Font)                  OT1/cmr/bx/n --> OT1/txr/bx/n on input line 28.
LaTeX Font Info:    Redeclaring math alphabet \mathit on input line 29.
LaTeX Font Info:    Overwriting math alphabet `\mathit' in version `normal'
(Font)                  OT1/cmr/m/it --> OT1/txr/m/it on input line 29.
LaTeX Font Info:    Overwriting math alphabet `\mathit' in version `bold'
(Font)                  OT1/cmr/bx/it --> OT1/txr/m/it on input line 29.
LaTeX Font Info:    Overwriting math alphabet `\mathit' in version `bold'
(Font)                  OT1/txr/m/it --> OT1/txr/bx/it on input line 30.
LaTeX Font Info:    Redeclaring math alphabet \mathsf on input line 39.
LaTeX Font Info:    Overwriting math alphabet `\mathsf' in version `normal'
(Font)                  OT1/cmss/m/n --> OT1/txss/m/n on input line 39.
LaTeX Font Info:    Overwriting math alphabet `\mathsf' in version `bold'
(Font)                  OT1/cmss/bx/n --> OT1/txss/m/n on input line 39.
LaTeX Font Info:    Overwriting math alphabet `\mathsf' in version `bold'
(Font)                  OT1/txss/m/n --> OT1/txss/b/n on input line 40.
LaTeX Font Info:    Redeclaring math alphabet \mathtt on input line 49.
LaTeX Font Info:    Overwriting math alphabet `\mathtt' in version `normal'
(Font)                  OT1/cmtt/m/n --> OT1/txtt/m/n on input line 49.
LaTeX Font Info:    Overwriting math alphabet `\mathtt' in version `bold'
(Font)                  OT1/cmtt/m/n --> OT1/txtt/m/n on input line 49.
LaTeX Font Info:    Overwriting math alphabet `\mathtt' in version `bold'
(Font)                  OT1/txtt/m/n --> OT1/txtt/b/n on input line 50.
LaTeX Font Info:    Redeclaring symbol font `letters' on input line 57.
LaTeX Font Info:    Overwriting symbol font `letters' in version `normal'
(Font)                  OML/cmm/m/it --> OML/txmi/m/it on input line 57.
LaTeX Font Info:    Overwriting symbol font `letters' in version `bold'
(Font)                  OML/cmm/b/it --> OML/txmi/m/it on input line 57.
LaTeX Font Info:    Overwriting symbol font `letters' in version `bold'
(Font)                  OML/txmi/m/it --> OML/txmi/bx/it on input line 58.
\symlettersA=\mathgroup7
LaTeX Font Info:    Overwriting symbol font `lettersA' in version `bold'
(Font)                  U/txmia/m/it --> U/txmia/bx/it on input line 66.
LaTeX Font Info:    Redeclaring math alphabet \mathfrak on input line 69.
LaTeX Font Info:    Redeclaring symbol font `symbols' on input line 76.
LaTeX Font Info:    Overwriting symbol font `symbols' in version `normal'
(Font)                  OMS/cmsy/m/n --> OMS/txsy/m/n on input line 76.
LaTeX Font Info:    Overwriting symbol font `symbols' in version `bold'
(Font)                  OMS/cmsy/b/n --> OMS/txsy/m/n on input line 76.
LaTeX Font Info:    Overwriting symbol font `symbols' in version `bold'
(Font)                  OMS/txsy/m/n --> OMS/txsy/bx/n on input line 77.
LaTeX Font Info:    Redeclaring symbol font `AMSa' on input line 92.
LaTeX Font Info:    Overwriting symbol font `AMSa' in version `normal'
(Font)                  U/msa/m/n --> U/txsya/m/n on input line 92.
LaTeX Font Info:    Overwriting symbol font `AMSa' in version `bold'
(Font)                  U/msa/m/n --> U/txsya/m/n on input line 92.
LaTeX Font Info:    Overwriting symbol font `AMSa' in version `bold'
(Font)                  U/txsya/m/n --> U/txsya/bx/n on input line 93.
LaTeX Font Info:    Redeclaring symbol font `AMSb' on input line 101.
LaTeX Font Info:    Overwriting symbol font `AMSb' in version `normal'
(Font)                  U/msb/m/n --> U/txsyb/m/n on input line 101.
LaTeX Font Info:    Overwriting symbol font `AMSb' in version `bold'
(Font)                  U/msb/m/n --> U/txsyb/m/n on input line 101.
LaTeX Font Info:    Overwriting symbol font `AMSb' in version `bold'
(Font)                  U/txsyb/m/n --> U/txsyb/bx/n on input line 102.
\symsymbolsC=\mathgroup8
LaTeX Font Info:    Overwriting symbol font `symbolsC' in version `bold'
(Font)                  U/txsyc/m/n --> U/txsyc/bx/n on input line 112.
LaTeX Font Info:    Redeclaring symbol font `largesymbols' on input line 119.
LaTeX Font Info:    Overwriting symbol font `largesymbols' in version `normal'
(Font)                  OMX/cmex/m/n --> OMX/txex/m/n on input line 119.
LaTeX Font Info:    Overwriting symbol font `largesymbols' in version `bold'
(Font)                  OMX/cmex/m/n --> OMX/txex/m/n on input line 119.
LaTeX Font Info:    Overwriting symbol font `largesymbols' in version `bold'
(Font)                  OMX/txex/m/n --> OMX/txex/bx/n on input line 120.
\symlargesymbolsA=\mathgroup9
LaTeX Font Info:    Overwriting symbol font `largesymbolsA' in version `bold'
(Font)                  U/txexa/m/n --> U/txexa/bx/n on input line 128.
LaTeX Info: Redefining \not on input line 1042.
)
(d:\CTeX\texmf\tex\latex\stmaryrd\stmaryrd.sty
Package: stmaryrd 1994/03/03 St Mary's Road symbol package
\symstmry=\mathgroup10
LaTeX Font Info:    Overwriting symbol font `stmry' in version `bold'
(Font)                  U/stmry/m/n --> U/stmry/b/n on input line 89.
)
(d:\CTeX\texmf\tex\latex\tools\array.sty
Package: array 2005/08/23 v2.4b Tabular extension package (FMi)
\col@sep=\dimen126
\extrarowheight=\dimen127
\NC@list=\toks25
\extratabsurround=\skip60
\backup@length=\skip61
)
(d:\CTeX\texmf\tex\latex\multirow\multirow.sty
\bigstrutjot=\dimen128
)
(d:\CTeX\texmf\tex\latex\tools\longtable.sty
Package: longtable 2004/02/01 v4.11 Multi-page Table package (DPC)
\LTleft=\skip62
\LTright=\skip63
\LTpre=\skip64
\LTpost=\skip65
\LTchunksize=\count106
\LTcapwidth=\dimen129
\LT@head=\box31
\LT@firsthead=\box32
\LT@foot=\box33
\LT@lastfoot=\box34
\LT@cols=\count107
\LT@rows=\count108
\c@LT@tables=\count109
\c@LT@chunks=\count110
\LT@p@ftn=\toks26
)
(d:\CTeX\localtexmf\tex\latex\CJK\CJK.sty
Package: CJK 2005/08/11 4.6.0

(d:\CTeX\localtexmf\tex\latex\CJK\mule\MULEenc.sty
File: MULEenc.sty 2005/08/11 4.6.0
)
(d:\CTeX\localtexmf\tex\latex\CJK\CJK.enc
File: CJK.enc 2005/08/11 4.6.0
)
LaTeX Info: Redefining \selectfont on input line 655.
\CJK@indent=\box35
)
(d:\CTeX\localtexmf\tex\latex\CJK\CJKnumb.sty
Package: CJKnumb 2005/08/11 4.6.0
\CJK@q=\count111
\CJK@r=\count112
)
(d:\CTeX\texmf\tex\latex\hyperref\hyperref.sty
Package: hyperref 2006/09/06 v6.75e Hypertext links for LaTeX
\@linkdim=\dimen130
\Hy@linkcounter=\count113
\Hy@pagecounter=\count114

(d:\CTeX\texmf\tex\latex\hyperref\pd1enc.def
File: pd1enc.def 2006/09/06 v6.75e Hyperref: PDFDocEncoding definition (HO)
)
(d:\CTeX\texmf\tex\latex\00miktex\hyperref.cfg
File: hyperref.cfg 2006/02/14 v1.1 MiKTeX 'hyperref' configuration
)
(d:\CTeX\texmf\tex\latex\oberdiek\kvoptions.sty
Package: kvoptions 2006/08/22 v2.4 Connects package keyval with LaTeX options (
HO)
)
Package hyperref Info: Option `unicode' set `true' on input line 2073.

(d:\CTeX\texmf\tex\latex\hyperref\puenc.def
File: puenc.def 2006/09/06 v6.75e Hyperref: PDF Unicode definition (HO)
)
Package hyperref Info: Hyper figures OFF on input line 2123.
Package hyperref Info: Link nesting OFF on input line 2128.
Package hyperref Info: Hyper index ON on input line 2131.
Package hyperref Info: Plain pages OFF on input line 2138.
Package hyperref Info: Backreferencing OFF on input line 2143.

Implicit mode ON; LaTeX internals redefined
Package hyperref Info: Bookmarks ON on input line 2273.
(d:\CTeX\texmf\tex\latex\ltxmisc\url.sty
\Urlmuskip=\muskip11
Package: url 2005/06/27  ver 3.2  Verb mode for urls, etc.
)
LaTeX Info: Redefining \url on input line 2428.
\Fld@menulength=\count115
\Field@Width=\dimen131
\Fld@charsize=\dimen132
\Choice@toks=\toks27
\Field@toks=\toks28
Package hyperref Info: Hyper figures OFF on input line 2906.
Package hyperref Info: Link nesting OFF on input line 2911.
Package hyperref Info: Hyper index ON on input line 2914.
Package hyperref Info: backreferencing OFF on input line 2921.
Package hyperref Info: Link coloring OFF on input line 2926.
\Hy@abspage=\count116
\c@Item=\count117
\c@Hfootnote=\count118
)
*hyperref using driver hdvipdfm*
(d:\CTeX\texmf\tex\latex\hyperref\hdvipdfm.def
File: hdvipdfm.def 2006/09/06 v6.75e Hyperref driver for dvipdfm
\pdfm@box=\box36
\Fld@listcount=\count119
)
Package hyperref Info: Option `CJKbookmarks' set `true' on input line 193.
Package hyperref Info: Option `bookmarksnumbered' set `true' on input line 193.

Package hyperref Info: Option `breaklinks' set `true' on input line 193.
Package hyperref Info: Option `colorlinks' set `false' on input line 193.
)
(d:\CTeX\texmf\tex\latex\natbib\natbib.sty
Package: natbib 2006/09/06 7.4a (PWD)
\bibhang=\skip66
\bibsep=\skip67
LaTeX Info: Redefining \cite on input line 541.
\c@NAT@ctr=\count120
)
(d:\CTeX\texmf\tex\latex\ltxmisc\hypernat.sty
Package: hypernat 2001/07/09 v1.0b hyperref and natbib compatibility (jb)
) (jlu.aux (body/chap0.aux)
(body/Motive.aux) (body/ResearchStatus.aux) (body/ResearchContents.aux)
(body/ResearchSchedule.aux))
LaTeX Font Info:    Checking defaults for OML/txmi/m/it on input line 78.
LaTeX Font Info:    Try loading font information for OML+txmi on input line 78.

 (d:\CTeX\texmf\tex\latex\txfonts\omltxmi.fd
File: omltxmi.fd 2000/12/15 v3.1
)
LaTeX Font Info:    ... okay on input line 78.
LaTeX Font Info:    Checking defaults for T1/cmr/m/n on input line 78.
LaTeX Font Info:    ... okay on input line 78.
LaTeX Font Info:    Checking defaults for OT1/cmr/m/n on input line 78.
LaTeX Font Info:    ... okay on input line 78.
LaTeX Font Info:    Checking defaults for OMS/txsy/m/n on input line 78.
LaTeX Font Info:    Try loading font information for OMS+txsy on input line 78.


(d:\CTeX\texmf\tex\latex\txfonts\omstxsy.fd
File: omstxsy.fd 2000/12/15 v3.1
)
LaTeX Font Info:    ... okay on input line 78.
LaTeX Font Info:    Checking defaults for OMX/txex/m/n on input line 78.
LaTeX Font Info:    Try loading font information for OMX+txex on input line 78.


(d:\CTeX\texmf\tex\latex\txfonts\omxtxex.fd
File: omxtxex.fd 2000/12/15 v3.1
)
LaTeX Font Info:    ... okay on input line 78.
LaTeX Font Info:    Checking defaults for U/txexa/m/n on input line 78.
LaTeX Font Info:    Try loading font information for U+txexa on input line 78.

(d:\CTeX\texmf\tex\latex\txfonts\utxexa.fd
File: utxexa.fd 2000/12/15 v3.1
)
LaTeX Font Info:    ... okay on input line 78.
LaTeX Font Info:    Checking defaults for C00/song/m/n on input line 78.
LaTeX Font Info:    ... okay on input line 78.
LaTeX Font Info:    Checking defaults for C09/song/m/n on input line 78.
LaTeX Font Info:    ... okay on input line 78.
LaTeX Font Info:    Checking defaults for C10/song/m/n on input line 78.
LaTeX Font Info:    ... okay on input line 78.
LaTeX Font Info:    Checking defaults for C20/song/m/n on input line 78.
LaTeX Font Info:    ... okay on input line 78.
LaTeX Font Info:    Checking defaults for C19/song/m/n on input line 78.
LaTeX Font Info:    ... okay on input line 78.
LaTeX Font Info:    Checking defaults for C40/song/m/n on input line 78.
LaTeX Font Info:    ... okay on input line 78.
LaTeX Font Info:    Checking defaults for C42/song/m/n on input line 78.
LaTeX Font Info:    ... okay on input line 78.
LaTeX Font Info:    Checking defaults for C43/song/m/n on input line 78.
LaTeX Font Info:    ... okay on input line 78.
LaTeX Font Info:    Checking defaults for C50/song/m/n on input line 78.
LaTeX Font Info:    ... okay on input line 78.
LaTeX Font Info:    Checking defaults for C52/song/m/n on input line 78.
LaTeX Font Info:    ... okay on input line 78.
LaTeX Font Info:    Checking defaults for C49/song/m/n on input line 78.
LaTeX Font Info:    ... okay on input line 78.
LaTeX Font Info:    Checking defaults for C60/mj/m/n on input line 78.
LaTeX Font Info:    ... okay on input line 78.
LaTeX Font Info:    Checking defaults for C61/mj/m/n on input line 78.
LaTeX Font Info:    ... okay on input line 78.
LaTeX Font Info:    Checking defaults for C63/mj/m/n on input line 78.
LaTeX Font Info:    ... okay on input line 78.
LaTeX Font Info:    Checking defaults for C64/mj/m/n on input line 78.
LaTeX Font Info:    ... okay on input line 78.
LaTeX Font Info:    Checking defaults for C65/mj/m/n on input line 78.
LaTeX Font Info:    ... okay on input line 78.
LaTeX Font Info:    Checking defaults for C70/song/m/n on input line 78.
LaTeX Font Info:    ... okay on input line 78.
LaTeX Font Info:    Checking defaults for C31/song/m/n on input line 78.
LaTeX Font Info:    ... okay on input line 78.
LaTeX Font Info:    Checking defaults for C32/song/m/n on input line 78.
LaTeX Font Info:    ... okay on input line 78.
LaTeX Font Info:    Checking defaults for C33/song/m/n on input line 78.
LaTeX Font Info:    ... okay on input line 78.
LaTeX Font Info:    Checking defaults for C34/song/m/n on input line 78.
LaTeX Font Info:    ... okay on input line 78.
LaTeX Font Info:    Checking defaults for C35/song/m/n on input line 78.
LaTeX Font Info:    ... okay on input line 78.
LaTeX Font Info:    Checking defaults for C36/song/m/n on input line 78.
LaTeX Font Info:    ... okay on input line 78.
LaTeX Font Info:    Checking defaults for C37/song/m/n on input line 78.
LaTeX Font Info:    ... okay on input line 78.
LaTeX Font Info:    Checking defaults for C80/song/m/n on input line 78.
LaTeX Font Info:    ... okay on input line 78.
LaTeX Font Info:    Checking defaults for C81/song/m/n on input line 78.
LaTeX Font Info:    ... okay on input line 78.
LaTeX Font Info:    Checking defaults for C01/song/m/n on input line 78.
LaTeX Font Info:    ... okay on input line 78.
LaTeX Font Info:    Checking defaults for C11/song/m/n on input line 78.
LaTeX Font Info:    ... okay on input line 78.
LaTeX Font Info:    Checking defaults for C21/song/m/n on input line 78.
LaTeX Font Info:    ... okay on input line 78.
LaTeX Font Info:    Checking defaults for C41/song/m/n on input line 78.
LaTeX Font Info:    ... okay on input line 78.
LaTeX Font Info:    Checking defaults for C62/song/m/n on input line 78.
LaTeX Font Info:    ... okay on input line 78.
LaTeX Font Info:    Checking defaults for PD1/pdf/m/n on input line 78.
LaTeX Font Info:    ... okay on input line 78.
LaTeX Font Info:    Checking defaults for PU/pdf/m/n on input line 78.
LaTeX Font Info:    ... okay on input line 78.
LaTeX Font Info:    Try loading font information for OT1+txr on input line 78.

(d:\CTeX\texmf\tex\latex\txfonts\ot1txr.fd
File: ot1txr.fd 2000/12/15 v3.1
)
-------------------- Geometry parameters
paper: user defined
landscape: --
twocolumn: --
twoside: true
asymmetric: --
h-parts: 55.48277pt, 412.56496pt, 55.4828pt
v-parts: 71.1319pt, 597.50787pt, 71.13188pt
hmarginratio: --
vmarginratio: --
lines: --
heightrounded: --
bindingoffset: 0.0pt
truedimen: --
includehead: --
includefoot: --
includemp: --
driver: dvipdfm
-------------------- Page layout dimensions and switches
\paperwidth  523.53053pt
\paperheight 739.77165pt
\textwidth  412.56496pt
\textheight 597.50787pt
\oddsidemargin  -16.78722pt
\evensidemargin -16.78719pt
\topmargin  -40.9722pt
\headheight 17.07182pt
\headsep    22.76228pt
\footskip   25.6073pt
\marginparwidth 0.0pt
\marginparsep   0.0pt
\columnsep  10.0pt
\skip\footins  10.8pt plus 4.0pt minus 2.0pt
\hoffset 0.0pt
\voffset 0.0pt
\mag 1000
\@twosidetrue \@mparswitchtrue 
(1in=72.27pt, 1cm=28.45pt)
-----------------------
Package hyperref Info: Link coloring OFF on input line 78.

(d:\CTeX\texmf\tex\latex\hyperref\nameref.sty
Package: nameref 2006/08/15 v2.26 Cross-referencing by name of section

(d:\CTeX\texmf\tex\latex\oberdiek\refcount.sty
Package: refcount 2006/02/20 v3.0 Data extraction from references (HO)
)
\c@section@level=\count121
)
LaTeX Info: Redefining \ref on input line 78.
LaTeX Info: Redefining \pageref on input line 78.
 (jlu.out) (jlu.out)
\@outlinefile=\write4

(d:\CTeX\localtexmf\tex\latex\CJK\standard.bdg
File: standard.bdg 2005/08/11 4.6.0
)
(d:\CTeX\localtexmf\tex\latex\CJK\extended.enc
File: extended.enc 2005/08/11 4.6.0
)
(d:\CTeX\localtexmf\tex\latex\CJK\extended.chr
File: extended.chr 2005/08/11 4.6.0
) (jlumastersthesis.cfg
File: jlumastersthesis.cfg 2008/08/01 v0.1 jluthesis: some format definitions f
or JLU Master's thesis

(gb_jlu.cpx
File: GB.cap 2003/05/18 4.5.2for Standard LaTeX document class
)
\ccwd=\dimen133
)
LaTeX Font Info:    Try loading font information for C19+song on input line 78.

 (d:\CTeX\localtexmf\tex\latex\CJK\GB\c19song.fd
File: c19song.fd 1999/06/20 4.3.0
)
(preface/cover.tex
\jlutextwidthone=\skip68
\jlutextwidthtwo=\skip69

Underfull \hbox (badness 4569) detected at line 50
\C19/song/bx/n/12.05/39 ü[][] \C19/song/bx/n/12.05/58  [][] \C19/song/bx/n/12.0
5/39 “[][] \C19/song/bx/n/12.05/49 è[][]
 []


Underfull \hbox (badness 10000) detected at line 50
\C19/song/bx/n/12.05/50 —[][] \C19/song/bx/n/12.05/45 ?[][]
 []


Overfull \hbox (24.0pt too wide) in paragraph at lines 50--50
[][][] 
 []

LaTeX Font Info:    Try loading font information for C19+li on input line 50.
(d:\CTeX\localtexmf\tex\latex\CJK\GB\c19li.fd
File: c19li.fd 1999/06/20 4.3.0
)
LaTeX Font Info:    Try loading font information for C19+hei on input line 50.

(d:\CTeX\localtexmf\tex\latex\CJK\GB\c19hei.fd
File: c19hei.fd 1999/06/20 4.3.0
)
LaTeX Font Info:    Try loading font information for OT1+txss on input line 50.


(d:\CTeX\texmf\tex\latex\txfonts\ot1txss.fd
File: ot1txss.fd 2000/12/15 v3.1
)
LaTeX Font Info:    Font shape `OT1/txss/m/n' will be
(Font)              scaled to size 11.39996pt on input line 50.
LaTeX Font Info:    Font shape `OT1/txss/m/n' will be
(Font)              scaled to size 14.30695pt on input line 50.
LaTeX Font Info:    Try loading font information for U+txsya on input line 50.

(d:\CTeX\texmf\tex\latex\txfonts\utxsya.fd
File: utxsya.fd 2000/12/15 v3.1
)
LaTeX Font Info:    Try loading font information for U+txsyb on input line 50.

(d:\CTeX\texmf\tex\latex\txfonts\utxsyb.fd
File: utxsyb.fd 2000/12/15 v3.1
)
LaTeX Font Info:    Try loading font information for U+txmia on input line 50.

(d:\CTeX\texmf\tex\latex\txfonts\utxmia.fd
File: utxmia.fd 2000/12/15 v3.1
)
LaTeX Font Info:    Try loading font information for U+txsyc on input line 50.

(d:\CTeX\texmf\tex\latex\txfonts\utxsyc.fd
File: utxsyc.fd 2000/12/15 v3.1
)
LaTeX Font Info:    Try loading font information for U+stmry on input line 50.

(d:\CTeX\texmf\tex\latex\stmaryrd\ustmry.fd)
Underfull \hbox (badness 10000) in paragraph at lines 50--50

 []


Underfull \hbox (badness 10000) detected at line 50
\C19/song/bx/n/16.06/65 ;[][] \C19/song/bx/n/16.06/61 ’[][]
 []


Underfull \hbox (badness 10000) in paragraph at lines 50--50

 []


Underfull \hbox (badness 10000) in paragraph at lines 50--50

 []


Underfull \hbox (badness 10000) detected at line 50
\C19/song/bx/n/16.06/45 9[][] \C19/song/bx/n/16.06/64 …[][] \C19/song/bx/n/16.0
6/38 ¡[][]
 []


Underfull \hbox (badness 10000) in paragraph at lines 50--50

 []


Underfull \hbox (badness 10000) in paragraph at lines 50--50

 []

[1



] [2] [3]
Overfull \hbox (24.0pt too wide) in paragraph at lines 50--50
[][] 
 []

LaTeX Font Info:    Try loading font information for C19+kai on input line 50.
(d:\CTeX\localtexmf\tex\latex\CJK\GB\c19kai.fd
File: c19kai.fd 1999/06/20 4.3.0
)

LaTeX Font Warning: Font shape `U/stmry/m/n' in size <10.54> not available
(Font)              size <10.95> substituted on input line 50.


LaTeX Font Warning: Font shape `U/stmry/m/n' in size <7.53> not available
(Font)              size <8> substituted on input line 50.


Overfull \hbox (7.4432pt too wide) in paragraph at lines 50--50
[]|\OT1/txr/m/n/14.05 0000\C19/kai/m/n/14.05/51 c\OT1/txr/m/n/14.05 00\C19/kai/
m/n/14.05/63 \OT1/txr/m/n/14.05 00\C19/kai/m/n/14.05/54 F| 
 []


Overfull \hbox (7.15883pt too wide) in paragraph at lines 50--50
[]|\OT1/txr/m/n/14.05 0000\C19/kai/m/n/14.05/51 c\OT1/txr/m/n/14.05 00\C19/kai/
m/n/14.05/63 \OT1/txr/m/n/14.05 00\C19/kai/m/n/14.05/54 F| 
 []


Underfull \hbox (badness 2903) in paragraph at lines 50--50
\C19/kai/m/n/14.05/55 ½ \C19/kai/m/n/14.05/50 ¶ \C19/kai/m/n/14.05/25 ! \C19/ka
i/m/n/14.05/55 Ž
 []

[4] [5]) (jlu.toc)
\tf@toc=\write5
 [1

] [2


] (body/chap0.tex
µÚ\@arabic\c@chapter ÕÂ
[1



] [2] [3]
LaTeX Font Info:    Try loading font information for OT1+txtt on input line 154
.
 (d:\CTeX\texmf\tex\latex\txfonts\ot1txtt.fd
File: ot1txtt.fd 2000/12/15 v3.1
)) [4] (body/Motive.tex
µÚ\@arabic\c@chapter ÕÂ
File: figures/fig-lengthscale.eps Graphic file (type eps)
<figures/fig-lengthscale.eps> [5



]) [6] (body/ResearchStatus.tex
µÚ\@arabic\c@chapter ÕÂ
[7



]
Underfull \vbox (badness 1509) has occurred while \output is active []

 [8])
[9] (body/ResearchContents.tex
µÚ\@arabic\c@chapter ÕÂ
) [10



] (body/ResearchSchedule.tex
µÚ\@arabic\c@chapter ÕÂ
) [11



] (jlu.bbl [12



]
Underfull \vbox (badness 3428) has occurred while \output is active []

 [13])
[14] (jlu.aux (body/chap0.aux) (body/Motive.aux) (body/ResearchStatus.aux)
(body/ResearchContents.aux) (body/ResearchSchedule.aux))

LaTeX Font Warning: Size substitutions with differences
(Font)              up to 0.47pt have occurred.


LaTeX Warning: Label(s) may have changed. Rerun to get cross-references right.

 ) 
Here is how much of TeX's memory you used:
 9785 strings out of 95889
 124353 string characters out of 1195117
 183268 words of memory out of 1173145
 12139 multiletter control sequences out of 60000
 154984 words of font info for 489 fonts, out of 1000000 for 2000
 14 hyphenation exceptions out of 4999
 41i,12n,50p,281b,1436s stack positions out of 5000i,500n,10000p,200000b,32768s

Output written on jlu.dvi (21 pages, 139536 bytes).
